<?xml version="1.0" encoding="UTF-8"?>
<testng-results skipped="0" failed="0" ignored="0" total="1" passed="1">
  <reporter-output>
  </reporter-output>
  <suite name="Default suite" duration-ms="28407" started-at="2019-09-14T05:11:53 CDT" finished-at="2019-09-14T05:12:21 CDT">
    <groups>
    </groups>
    <test name="Default test" duration-ms="28407" started-at="2019-09-14T05:11:53 CDT" finished-at="2019-09-14T05:12:21 CDT">
      <class name="tests.AddContactTest">
        <test-method status="PASS" signature="loginTest()[pri:0, instance:tests.AddContactTest@118a40f]" name="loginTest" duration-ms="28192" started-at="2019-09-14T05:11:53 CDT" finished-at="2019-09-14T05:12:21 CDT">
          <reporter-output>
          </reporter-output>
        </test-method> <!-- loginTest -->
      </class> <!-- tests.AddContactTest -->
    </test> <!-- Default test -->
  </suite> <!-- Default suite -->
</testng-results>
